<?xml version="1.0" encoding="UTF-8"?>
<testng-results ignored="0" total="1" passed="1" failed="0" skipped="0">
  <reporter-output>
  </reporter-output>
  <suite started-at="2020-06-03T00:11:39 IST" name="Suite" finished-at="2020-06-03T00:12:24 IST" duration-ms="45487">
    <groups>
    </groups>
    <test started-at="2020-06-03T00:11:39 IST" name="Chrome_Test" finished-at="2020-06-03T00:12:24 IST" duration-ms="45487">
      <class name="ymail.tests.ymailLogin">
        <test-method is-config="true" signature="LaunchBrowswer(java.lang.String)[pri:0, instance:ymail.tests.ymailLogin@15b204a1]" started-at="2020-06-03T00:11:39 IST" name="LaunchBrowswer" finished-at="2020-06-03T00:12:10 IST" duration-ms="31242" status="PASS">
          <params>
            <param index="0">
              <value>
                <![CDATA[firefox]]>
              </value>
            </param>
          </params>
          <reporter-output>
          </reporter-output>
        </test-method> <!-- LaunchBrowswer -->
        <test-method signature="YmailLoginVerification()[pri:0, instance:ymail.tests.ymailLogin@15b204a1]" started-at="2020-06-03T00:12:10 IST" name="YmailLoginVerification" finished-at="2020-06-03T00:12:24 IST" duration-ms="14051" status="PASS">
          <reporter-output>
          </reporter-output>
        </test-method> <!-- YmailLoginVerification -->
      </class> <!-- ymail.tests.ymailLogin -->
    </test> <!-- Chrome_Test -->
  </suite> <!-- Suite -->
</testng-results>
